# JRE version: Java(TM) SE Runtime Environment (7.0_71-b14) (build 1.7.0_71-b14)
# Java VM: Java HotSpot(TM) 64-Bit Server VM (24.71-b01 mixed mode windows-amd64 compressed oops)
Heap
 PSYoungGen      total 313344K, used 276992K [0x00000000eaa80000, 0x0000000100000000, 0x0000000100000000)
  eden space 276992K, 100% used [0x00000000eaa80000,0x00000000fb900000,0x00000000fb900000)
  from space 36352K, 0% used [0x00000000fb900000,0x00000000fb900000,0x00000000fdc80000)
  to   space 35328K, 0% used [0x00000000fdd80000,0x00000000fdd80000,0x0000000100000000)
 ParOldGen       total 78848K, used 72147K [0x00000000c0000000, 0x00000000c4d00000, 0x00000000eaa80000)
  object space 78848K, 91% used [0x00000000c0000000,0x00000000c4674f28,0x00000000c4d00000)
 PSPermGen       total 107008K, used 74444K [0x00000000b0000000, 0x00000000b6880000, 0x00000000c0000000)
  object space 107008K, 69% used [0x00000000b0000000,0x00000000b48b30d0,0x00000000b6880000)
GC Heap History (10 events):
Event: 156.031 GC heap after
Heap after GC invocations=18 (full 2):
 PSYoungGen      total 313344K, used 22424K [0x00000000eaa80000, 0x0000000100000000, 0x0000000100000000)
  eden space 279040K, 0% used [0x00000000eaa80000,0x00000000eaa80000,0x00000000fbb00000)
  from space 34304K, 65% used [0x00000000fde80000,0x00000000ff466188,0x0000000100000000)
  to   space 35328K, 0% used [0x00000000fbb00000,0x00000000fbb00000,0x00000000fdd80000)
 ParOldGen       total 78848K, used 56841K [0x00000000c0000000, 0x00000000c4d00000, 0x00000000eaa80000)
  object space 78848K, 72% used [0x00000000c0000000,0x00000000c3782590,0x00000000c4d00000)
 PSPermGen       total 93696K, used 63931K [0x00000000b0000000, 0x00000000b5b80000, 0x00000000c0000000)
  object space 93696K, 68% used [0x00000000b0000000,0x00000000b3e6eed8,0x00000000b5b80000)
}
Event: 157.651 GC heap before
{Heap before GC invocations=19 (full 2):
 PSYoungGen      total 313344K, used 301464K [0x00000000eaa80000, 0x0000000100000000, 0x0000000100000000)
  eden space 279040K, 100% used [0x00000000eaa80000,0x00000000fbb00000,0x00000000fbb00000)
  from space 34304K, 65% used [0x00000000fde80000,0x00000000ff466188,0x0000000100000000)
  to   space 35328K, 0% used [0x00000000fbb00000,0x00000000fbb00000,0x00000000fdd80000)
 ParOldGen       total 78848K, used 56841K [0x00000000c0000000, 0x00000000c4d00000, 0x00000000eaa80000)
  object space 78848K, 72% used [0x00000000c0000000,0x00000000c3782590,0x00000000c4d00000)
 PSPermGen       total 93696K, used 63941K [0x00000000b0000000, 0x00000000b5b80000, 0x00000000c0000000)
  object space 93696K, 68% used [0x00000000b0000000,0x00000000b3e71400,0x00000000b5b80000)
Event: 157.681 GC heap after
Heap after GC invocations=19 (full 2):
 PSYoungGen      total 302080K, used 22680K [0x00000000eaa80000, 0x0000000100000000, 0x0000000100000000)
  eden space 279040K, 0% used [0x00000000eaa80000,0x00000000eaa80000,0x00000000fbb00000)
  from space 23040K, 98% used [0x00000000fbb00000,0x00000000fd126188,0x00000000fd180000)
  to   space 35840K, 0% used [0x00000000fdd00000,0x00000000fdd00000,0x0000000100000000)
 ParOldGen       total 78848K, used 56841K [0x00000000c0000000, 0x00000000c4d00000, 0x00000000eaa80000)
  object space 78848K, 72% used [0x00000000c0000000,0x00000000c3782590,0x00000000c4d00000)
 PSPermGen       total 93696K, used 63941K [0x00000000b0000000, 0x00000000b5b80000, 0x00000000c0000000)
  object space 93696K, 68% used [0x00000000b0000000,0x00000000b3e71400,0x00000000b5b80000)
}
Event: 163.251 GC heap before
{Heap before GC invocations=20 (full 2):
 PSYoungGen      total 302080K, used 301720K [0x00000000eaa80000, 0x0000000100000000, 0x0000000100000000)
  eden space 279040K, 100% used [0x00000000eaa80000,0x00000000fbb00000,0x00000000fbb00000)
  from space 23040K, 98% used [0x00000000fbb00000,0x00000000fd126188,0x00000000fd180000)
  to   space 35840K, 0% used [0x00000000fdd00000,0x00000000fdd00000,0x0000000100000000)
 ParOldGen       total 78848K, used 56841K [0x00000000c0000000, 0x00000000c4d00000, 0x00000000eaa80000)
  object space 78848K, 72% used [0x00000000c0000000,0x00000000c3782590,0x00000000c4d00000)
 PSPermGen       total 93696K, used 63949K [0x00000000b0000000, 0x00000000b5b80000, 0x00000000c0000000)
  object space 93696K, 68% used [0x00000000b0000000,0x00000000b3e73570,0x00000000b5b80000)
Event: 163.281 GC heap after
Heap after GC invocations=20 (full 2):
 PSYoungGen      total 312832K, used 23048K [0x00000000eaa80000, 0x0000000100000000, 0x0000000100000000)
  eden space 276992K, 0% used [0x00000000eaa80000,0x00000000eaa80000,0x00000000fb900000)
  from space 35840K, 64% used [0x00000000fdd00000,0x00000000ff382198,0x0000000100000000)
  to   space 36352K, 0% used [0x00000000fb900000,0x00000000fb900000,0x00000000fdc80000)
 ParOldGen       total 78848K, used 56849K [0x00000000c0000000, 0x00000000c4d00000, 0x00000000eaa80000)
  object space 78848K, 72% used [0x00000000c0000000,0x00000000c3784590,0x00000000c4d00000)
 PSPermGen       total 93696K, used 63949K [0x00000000b0000000, 0x00000000b5b80000, 0x00000000c0000000)
  object space 93696K, 68% used [0x00000000b0000000,0x00000000b3e73570,0x00000000b5b80000)
}
Event: 194.730 GC heap before
{Heap before GC invocations=21 (full 2):
 PSYoungGen      total 312832K, used 226177K [0x00000000eaa80000, 0x0000000100000000, 0x0000000100000000)
  eden space 276992K, 73% used [0x00000000eaa80000,0x00000000f70de5f0,0x00000000fb900000)
  from space 35840K, 64% used [0x00000000fdd00000,0x00000000ff382198,0x0000000100000000)
  to   space 36352K, 0% used [0x00000000fb900000,0x00000000fb900000,0x00000000fdc80000)
 ParOldGen       total 78848K, used 56849K [0x00000000c0000000, 0x00000000c4d00000, 0x00000000eaa80000)
  object space 78848K, 72% used [0x00000000c0000000,0x00000000c3784590,0x00000000c4d00000)
 PSPermGen       total 93696K, used 64610K [0x00000000b0000000, 0x00000000b5b80000, 0x00000000c0000000)
  object space 93696K, 68% used [0x00000000b0000000,0x00000000b3f18838,0x00000000b5b80000)
Event: 194.802 GC heap after
Heap after GC invocations=21 (full 2):
 PSYoungGen      total 313344K, used 19112K [0x00000000eaa80000, 0x0000000100000000, 0x0000000100000000)
  eden space 276992K, 0% used [0x00000000eaa80000,0x00000000eaa80000,0x00000000fb900000)
  from space 36352K, 52% used [0x00000000fb900000,0x00000000fcbaa188,0x00000000fdc80000)
  to   space 35328K, 0% used [0x00000000fdd80000,0x00000000fdd80000,0x0000000100000000)
 ParOldGen       total 78848K, used 56857K [0x00000000c0000000, 0x00000000c4d00000, 0x00000000eaa80000)
  object space 78848K, 72% used [0x00000000c0000000,0x00000000c3786590,0x00000000c4d00000)
 PSPermGen       total 93696K, used 64610K [0x00000000b0000000, 0x00000000b5b80000, 0x00000000c0000000)
  object space 93696K, 68% used [0x00000000b0000000,0x00000000b3f18838,0x00000000b5b80000)
}
Event: 194.802 GC heap before
{Heap before GC invocations=22 (full 3):
 PSYoungGen      total 313344K, used 19112K [0x00000000eaa80000, 0x0000000100000000, 0x0000000100000000)
  eden space 276992K, 0% used [0x00000000eaa80000,0x00000000eaa80000,0x00000000fb900000)
  from space 36352K, 52% used [0x00000000fb900000,0x00000000fcbaa188,0x00000000fdc80000)
  to   space 35328K, 0% used [0x00000000fdd80000,0x00000000fdd80000,0x0000000100000000)
 ParOldGen       total 78848K, used 56857K [0x00000000c0000000, 0x00000000c4d00000, 0x00000000eaa80000)
  object space 78848K, 72% used [0x00000000c0000000,0x00000000c3786590,0x00000000c4d00000)
 PSPermGen       total 93696K, used 64610K [0x00000000b0000000, 0x00000000b5b80000, 0x00000000c0000000)
  object space 93696K, 68% used [0x00000000b0000000,0x00000000b3f18838,0x00000000b5b80000)
Event: 197.135 GC heap after
Heap after GC invocations=22 (full 3):
 PSYoungGen      total 313344K, used 0K [0x00000000eaa80000, 0x0000000100000000, 0x0000000100000000)
  eden space 276992K, 0% used [0x00000000eaa80000,0x00000000eaa80000,0x00000000fb900000)
  from space 36352K, 0% used [0x00000000fb900000,0x00000000fb900000,0x00000000fdc80000)
  to   space 35328K, 0% used [0x00000000fdd80000,0x00000000fdd80000,0x0000000100000000)
 ParOldGen       total 78848K, used 72147K [0x00000000c0000000, 0x00000000c4d00000, 0x00000000eaa80000)
  object space 78848K, 91% used [0x00000000c0000000,0x00000000c4674f28,0x00000000c4d00000)
 PSPermGen       total 107008K, used 64584K [0x00000000b0000000, 0x00000000b6880000, 0x00000000c0000000)
  object space 107008K, 60% used [0x00000000b0000000,0x00000000b3f12238,0x00000000b6880000)
}
Event: 523.562 GC heap before
{Heap before GC invocations=23 (full 4):
 PSYoungGen      total 313344K, used 276992K [0x00000000eaa80000, 0x0000000100000000, 0x0000000100000000)
  eden space 276992K, 100% used [0x00000000eaa80000,0x00000000fb900000,0x00000000fb900000)
  from space 36352K, 0% used [0x00000000fb900000,0x00000000fb900000,0x00000000fdc80000)
  to   space 35328K, 0% used [0x00000000fdd80000,0x00000000fdd80000,0x0000000100000000)
 ParOldGen       total 78848K, used 72147K [0x00000000c0000000, 0x00000000c4d00000, 0x00000000eaa80000)
  object space 78848K, 91% used [0x00000000c0000000,0x00000000c4674f28,0x00000000c4d00000)
 PSPermGen       total 107008K, used 74444K [0x00000000b0000000, 0x00000000b6880000, 0x00000000c0000000)
  object space 107008K, 69% used [0x00000000b0000000,0x00000000b48b30d0,0x00000000b6880000)

