# JRE version: Java(TM) SE Runtime Environment (7.0_71-b14) (build 1.7.0_71-b14)
# Java VM: Java HotSpot(TM) 64-Bit Server VM (24.71-b01 mixed mode windows-amd64 compressed oops)
Heap
 PSYoungGen      total 180224K, used 9856K [0x00000000eaa80000, 0x00000000f6a00000, 0x0000000100000000)
  eden space 165888K, 0% used [0x00000000eaa80000,0x00000000eaa80000,0x00000000f4c80000)
  from space 14336K, 68% used [0x00000000f5b00000,0x00000000f64a0000,0x00000000f6900000)
  to   space 14848K, 0% used [0x00000000f4c80000,0x00000000f4c80000,0x00000000f5b00000)
 ParOldGen       total 43008K, used 39426K [0x00000000c0000000, 0x00000000c2a00000, 0x00000000eaa80000)
  object space 43008K, 91% used [0x00000000c0000000,0x00000000c2680950,0x00000000c2a00000)
 PSPermGen       total 40960K, used 40784K [0x00000000b0000000, 0x00000000b2800000, 0x00000000c0000000)
  object space 40960K, 99% used [0x00000000b0000000,0x00000000b27d42e0,0x00000000b2800000)
GC Heap History (10 events):
Event: 7.080 GC heap after
Heap after GC invocations=8 (full 0):
 PSYoungGen      total 74240K, used 6721K [0x00000000eaa80000, 0x00000000efb80000, 0x0000000100000000)
  eden space 67072K, 0% used [0x00000000eaa80000,0x00000000eaa80000,0x00000000eec00000)
  from space 7168K, 93% used [0x00000000ef380000,0x00000000efa107a0,0x00000000efa80000)
  to   space 7680K, 0% used [0x00000000eec00000,0x00000000eec00000,0x00000000ef380000)
 ParOldGen       total 43008K, used 10836K [0x00000000c0000000, 0x00000000c2a00000, 0x00000000eaa80000)
  object space 43008K, 25% used [0x00000000c0000000,0x00000000c0a953d0,0x00000000c2a00000)
 PSPermGen       total 24576K, used 24480K [0x00000000b0000000, 0x00000000b1800000, 0x00000000c0000000)
  object space 24576K, 99% used [0x00000000b0000000,0x00000000b17e8058,0x00000000b1800000)
}
Event: 9.327 GC heap before
{Heap before GC invocations=9 (full 0):
 PSYoungGen      total 74240K, used 73793K [0x00000000eaa80000, 0x00000000efb80000, 0x0000000100000000)
  eden space 67072K, 100% used [0x00000000eaa80000,0x00000000eec00000,0x00000000eec00000)
  from space 7168K, 93% used [0x00000000ef380000,0x00000000efa107a0,0x00000000efa80000)
  to   space 7680K, 0% used [0x00000000eec00000,0x00000000eec00000,0x00000000ef380000)
 ParOldGen       total 43008K, used 10836K [0x00000000c0000000, 0x00000000c2a00000, 0x00000000eaa80000)
  object space 43008K, 25% used [0x00000000c0000000,0x00000000c0a953d0,0x00000000c2a00000)
 PSPermGen       total 29184K, used 28776K [0x00000000b0000000, 0x00000000b1c80000, 0x00000000c0000000)
  object space 29184K, 98% used [0x00000000b0000000,0x00000000b1c1a0f0,0x00000000b1c80000)
Event: 9.424 GC heap after
Heap after GC invocations=9 (full 0):
 PSYoungGen      total 74752K, used 7648K [0x00000000eaa80000, 0x00000000f2780000, 0x0000000100000000)
  eden space 67072K, 0% used [0x00000000eaa80000,0x00000000eaa80000,0x00000000eec00000)
  from space 7680K, 99% used [0x00000000eec00000,0x00000000ef378390,0x00000000ef380000)
  to   space 10240K, 0% used [0x00000000f1d80000,0x00000000f1d80000,0x00000000f2780000)
 ParOldGen       total 43008K, used 14351K [0x00000000c0000000, 0x00000000c2a00000, 0x00000000eaa80000)
  object space 43008K, 33% used [0x00000000c0000000,0x00000000c0e03eb8,0x00000000c2a00000)
 PSPermGen       total 29184K, used 28776K [0x00000000b0000000, 0x00000000b1c80000, 0x00000000c0000000)
  object space 29184K, 98% used [0x00000000b0000000,0x00000000b1c1a0f0,0x00000000b1c80000)
}
Event: 18.628 GC heap before
{Heap before GC invocations=10 (full 0):
 PSYoungGen      total 74752K, used 74720K [0x00000000eaa80000, 0x00000000f2780000, 0x0000000100000000)
  eden space 67072K, 100% used [0x00000000eaa80000,0x00000000eec00000,0x00000000eec00000)
  from space 7680K, 99% used [0x00000000eec00000,0x00000000ef378390,0x00000000ef380000)
  to   space 10240K, 0% used [0x00000000f1d80000,0x00000000f1d80000,0x00000000f2780000)
 ParOldGen       total 43008K, used 14351K [0x00000000c0000000, 0x00000000c2a00000, 0x00000000eaa80000)
  object space 43008K, 33% used [0x00000000c0000000,0x00000000c0e03eb8,0x00000000c2a00000)
 PSPermGen       total 34304K, used 33822K [0x00000000b0000000, 0x00000000b2180000, 0x00000000c0000000)
  object space 34304K, 98% used [0x00000000b0000000,0x00000000b2107820,0x00000000b2180000)
Event: 19.325 GC heap after
Heap after GC invocations=10 (full 0):
 PSYoungGen      total 114176K, used 10223K [0x00000000eaa80000, 0x00000000f2e80000, 0x0000000100000000)
  eden space 103936K, 0% used [0x00000000eaa80000,0x00000000eaa80000,0x00000000f1000000)
  from space 10240K, 99% used [0x00000000f1d80000,0x00000000f277bd58,0x00000000f2780000)
  to   space 13824K, 0% used [0x00000000f1000000,0x00000000f1000000,0x00000000f1d80000)
 ParOldGen       total 43008K, used 20943K [0x00000000c0000000, 0x00000000c2a00000, 0x00000000eaa80000)
  object space 43008K, 48% used [0x00000000c0000000,0x00000000c1473c88,0x00000000c2a00000)
 PSPermGen       total 34304K, used 33822K [0x00000000b0000000, 0x00000000b2180000, 0x00000000c0000000)
  object space 34304K, 98% used [0x00000000b0000000,0x00000000b2107820,0x00000000b2180000)
}
Event: 29.117 GC heap before
{Heap before GC invocations=11 (full 0):
 PSYoungGen      total 114176K, used 114159K [0x00000000eaa80000, 0x00000000f2e80000, 0x0000000100000000)
  eden space 103936K, 100% used [0x00000000eaa80000,0x00000000f1000000,0x00000000f1000000)
  from space 10240K, 99% used [0x00000000f1d80000,0x00000000f277bd58,0x00000000f2780000)
  to   space 13824K, 0% used [0x00000000f1000000,0x00000000f1000000,0x00000000f1d80000)
 ParOldGen       total 43008K, used 20943K [0x00000000c0000000, 0x00000000c2a00000, 0x00000000eaa80000)
  object space 43008K, 48% used [0x00000000c0000000,0x00000000c1473c88,0x00000000c2a00000)
 PSPermGen       total 37888K, used 37735K [0x00000000b0000000, 0x00000000b2500000, 0x00000000c0000000)
  object space 37888K, 99% used [0x00000000b0000000,0x00000000b24d9f50,0x00000000b2500000)
Event: 29.245 GC heap after
Heap after GC invocations=11 (full 0):
 PSYoungGen      total 117760K, used 10428K [0x00000000eaa80000, 0x00000000f6900000, 0x0000000100000000)
  eden space 103936K, 0% used [0x00000000eaa80000,0x00000000eaa80000,0x00000000f1000000)
  from space 13824K, 75% used [0x00000000f1000000,0x00000000f1a2f2d8,0x00000000f1d80000)
  to   space 14336K, 0% used [0x00000000f5b00000,0x00000000f5b00000,0x00000000f6900000)
 ParOldGen       total 43008K, used 31094K [0x00000000c0000000, 0x00000000c2a00000, 0x00000000eaa80000)
  object space 43008K, 72% used [0x00000000c0000000,0x00000000c1e5d860,0x00000000c2a00000)
 PSPermGen       total 37888K, used 37735K [0x00000000b0000000, 0x00000000b2500000, 0x00000000c0000000)
  object space 37888K, 99% used [0x00000000b0000000,0x00000000b24d9f50,0x00000000b2500000)
}
Event: 34.836 GC heap before
{Heap before GC invocations=12 (full 0):
 PSYoungGen      total 117760K, used 114364K [0x00000000eaa80000, 0x00000000f6900000, 0x0000000100000000)
  eden space 103936K, 100% used [0x00000000eaa80000,0x00000000f1000000,0x00000000f1000000)
  from space 13824K, 75% used [0x00000000f1000000,0x00000000f1a2f2d8,0x00000000f1d80000)
  to   space 14336K, 0% used [0x00000000f5b00000,0x00000000f5b00000,0x00000000f6900000)
 ParOldGen       total 43008K, used 31094K [0x00000000c0000000, 0x00000000c2a00000, 0x00000000eaa80000)
  object space 43008K, 72% used [0x00000000c0000000,0x00000000c1e5d860,0x00000000c2a00000)
 PSPermGen       total 40960K, used 40784K [0x00000000b0000000, 0x00000000b2800000, 0x00000000c0000000)
  object space 40960K, 99% used [0x00000000b0000000,0x00000000b27d42e0,0x00000000b2800000)
Event: 34.875 GC heap after
Heap after GC invocations=12 (full 0):
 PSYoungGen      total 180224K, used 9856K [0x00000000eaa80000, 0x00000000f6a00000, 0x0000000100000000)
  eden space 165888K, 0% used [0x00000000eaa80000,0x00000000eaa80000,0x00000000f4c80000)
  from space 14336K, 68% used [0x00000000f5b00000,0x00000000f64a0000,0x00000000f6900000)
  to   space 14848K, 0% used [0x00000000f4c80000,0x00000000f4c80000,0x00000000f5b00000)
 ParOldGen       total 43008K, used 39426K [0x00000000c0000000, 0x00000000c2a00000, 0x00000000eaa80000)
  object space 43008K, 91% used [0x00000000c0000000,0x00000000c2680950,0x00000000c2a00000)
 PSPermGen       total 40960K, used 40784K [0x00000000b0000000, 0x00000000b2800000, 0x00000000c0000000)
  object space 40960K, 99% used [0x00000000b0000000,0x00000000b27d42e0,0x00000000b2800000)
}
Event: 34.875 GC heap before
{Heap before GC invocations=13 (full 1):
 PSYoungGen      total 180224K, used 9856K [0x00000000eaa80000, 0x00000000f6a00000, 0x0000000100000000)
  eden space 165888K, 0% used [0x00000000eaa80000,0x00000000eaa80000,0x00000000f4c80000)
  from space 14336K, 68% used [0x00000000f5b00000,0x00000000f64a0000,0x00000000f6900000)
  to   space 14848K, 0% used [0x00000000f4c80000,0x00000000f4c80000,0x00000000f5b00000)
 ParOldGen       total 43008K, used 39426K [0x00000000c0000000, 0x00000000c2a00000, 0x00000000eaa80000)
  object space 43008K, 91% used [0x00000000c0000000,0x00000000c2680950,0x00000000c2a00000)
 PSPermGen       total 40960K, used 40784K [0x00000000b0000000, 0x00000000b2800000, 0x00000000c0000000)
  object space 40960K, 99% used [0x00000000b0000000,0x00000000b27d42e0,0x00000000b2800000)

