# JRE version: OpenJDK Runtime Environment (7.0_75-b13) (build 1.7.0_75-b13)
# Java VM: OpenJDK 64-Bit Server VM (24.75-b04 mixed mode linux-amd64 compressed oops)
Heap
 PSYoungGen      total 203776K, used 18413K [0x00000000eaa80000, 0x00000000f8a80000, 0x0000000100000000)
  eden space 185344K, 0% used [0x00000000eaa80000,0x00000000eaa80000,0x00000000f5f80000)
  from space 18432K, 99% used [0x00000000f6680000,0x00000000f787b408,0x00000000f7880000)
  to   space 15360K, 0% used [0x00000000f7b80000,0x00000000f7b80000,0x00000000f8a80000)
 ParOldGen       total 58880K, used 57833K [0x00000000c0000000, 0x00000000c3980000, 0x00000000eaa80000)
  object space 58880K, 98% used [0x00000000c0000000,0x00000000c387a5c0,0x00000000c3980000)
 PSPermGen       total 21504K, used 7739K [0x00000000b5a00000, 0x00000000b6f00000, 0x00000000c0000000)
  object space 21504K, 35% used [0x00000000b5a00000,0x00000000b618efc8,0x00000000b6f00000)
GC Heap History (10 events):
Event: 11.408 GC heap after
Heap after GC invocations=7 (full 0):
 PSYoungGen      total 70656K, used 8187K [0x00000000eaa80000, 0x00000000f3e80000, 0x0000000100000000)
  eden space 62464K, 0% used [0x00000000eaa80000,0x00000000eaa80000,0x00000000ee780000)
  from space 8192K, 99% used [0x00000000ee780000,0x00000000eef7ed90,0x00000000eef80000)
  to   space 13312K, 0% used [0x00000000f3180000,0x00000000f3180000,0x00000000f3e80000)
 ParOldGen       total 40960K, used 22393K [0x00000000c0000000, 0x00000000c2800000, 0x00000000eaa80000)
  object space 40960K, 54% used [0x00000000c0000000,0x00000000c15de478,0x00000000c2800000)
 PSPermGen       total 21504K, used 7556K [0x00000000b5a00000, 0x00000000b6f00000, 0x00000000c0000000)
  object space 21504K, 35% used [0x00000000b5a00000,0x00000000b6161218,0x00000000b6f00000)
}
Event: 12.298 GC heap before
{Heap before GC invocations=8 (full 0):
 PSYoungGen      total 70656K, used 70651K [0x00000000eaa80000, 0x00000000f3e80000, 0x0000000100000000)
  eden space 62464K, 100% used [0x00000000eaa80000,0x00000000ee780000,0x00000000ee780000)
  from space 8192K, 99% used [0x00000000ee780000,0x00000000eef7ed90,0x00000000eef80000)
  to   space 13312K, 0% used [0x00000000f3180000,0x00000000f3180000,0x00000000f3e80000)
 ParOldGen       total 40960K, used 22393K [0x00000000c0000000, 0x00000000c2800000, 0x00000000eaa80000)
  object space 40960K, 54% used [0x00000000c0000000,0x00000000c15de478,0x00000000c2800000)
 PSPermGen       total 21504K, used 7621K [0x00000000b5a00000, 0x00000000b6f00000, 0x00000000c0000000)
  object space 21504K, 35% used [0x00000000b5a00000,0x00000000b6171570,0x00000000b6f00000)
Event: 12.308 GC heap after
Heap after GC invocations=8 (full 0):
 PSYoungGen      total 136704K, used 12518K [0x00000000eaa80000, 0x00000000f4180000, 0x0000000100000000)
  eden space 123392K, 0% used [0x00000000eaa80000,0x00000000eaa80000,0x00000000f2300000)
  from space 13312K, 94% used [0x00000000f3180000,0x00000000f3db9810,0x00000000f3e80000)
  to   space 14848K, 0% used [0x00000000f2300000,0x00000000f2300000,0x00000000f3180000)
 ParOldGen       total 40960K, used 22994K [0x00000000c0000000, 0x00000000c2800000, 0x00000000eaa80000)
  object space 40960K, 56% used [0x00000000c0000000,0x00000000c1674818,0x00000000c2800000)
 PSPermGen       total 21504K, used 7621K [0x00000000b5a00000, 0x00000000b6f00000, 0x00000000c0000000)
  object space 21504K, 35% used [0x00000000b5a00000,0x00000000b6171570,0x00000000b6f00000)
}
Event: 15.509 GC heap before
{Heap before GC invocations=9 (full 0):
 PSYoungGen      total 136704K, used 135910K [0x00000000eaa80000, 0x00000000f4180000, 0x0000000100000000)
  eden space 123392K, 100% used [0x00000000eaa80000,0x00000000f2300000,0x00000000f2300000)
  from space 13312K, 94% used [0x00000000f3180000,0x00000000f3db9810,0x00000000f3e80000)
  to   space 14848K, 0% used [0x00000000f2300000,0x00000000f2300000,0x00000000f3180000)
 ParOldGen       total 40960K, used 22994K [0x00000000c0000000, 0x00000000c2800000, 0x00000000eaa80000)
  object space 40960K, 56% used [0x00000000c0000000,0x00000000c1674818,0x00000000c2800000)
 PSPermGen       total 21504K, used 7729K [0x00000000b5a00000, 0x00000000b6f00000, 0x00000000c0000000)
  object space 21504K, 35% used [0x00000000b5a00000,0x00000000b618c730,0x00000000b6f00000)
Event: 19.867 GC heap after
Heap after GC invocations=9 (full 0):
 PSYoungGen      total 138240K, used 13308K [0x00000000eaa80000, 0x00000000f8b80000, 0x0000000100000000)
  eden space 123392K, 0% used [0x00000000eaa80000,0x00000000eaa80000,0x00000000f2300000)
  from space 14848K, 89% used [0x00000000f2300000,0x00000000f2fff028,0x00000000f3180000)
  to   space 16384K, 0% used [0x00000000f7b80000,0x00000000f7b80000,0x00000000f8b80000)
 ParOldGen       total 40960K, used 35160K [0x00000000c0000000, 0x00000000c2800000, 0x00000000eaa80000)
  object space 40960K, 85% used [0x00000000c0000000,0x00000000c2256368,0x00000000c2800000)
 PSPermGen       total 21504K, used 7729K [0x00000000b5a00000, 0x00000000b6f00000, 0x00000000c0000000)
  object space 21504K, 35% used [0x00000000b5a00000,0x00000000b618c730,0x00000000b6f00000)
}
Event: 20.337 GC heap before
{Heap before GC invocations=10 (full 1):
 PSYoungGen      total 138240K, used 13308K [0x00000000eaa80000, 0x00000000f8b80000, 0x0000000100000000)
  eden space 123392K, 0% used [0x00000000eaa80000,0x00000000eaa80000,0x00000000f2300000)
  from space 14848K, 89% used [0x00000000f2300000,0x00000000f2fff028,0x00000000f3180000)
  to   space 16384K, 0% used [0x00000000f7b80000,0x00000000f7b80000,0x00000000f8b80000)
 ParOldGen       total 40960K, used 35160K [0x00000000c0000000, 0x00000000c2800000, 0x00000000eaa80000)
  object space 40960K, 85% used [0x00000000c0000000,0x00000000c2256368,0x00000000c2800000)
 PSPermGen       total 21504K, used 7729K [0x00000000b5a00000, 0x00000000b6f00000, 0x00000000c0000000)
  object space 21504K, 35% used [0x00000000b5a00000,0x00000000b618c730,0x00000000b6f00000)
Event: 21.842 GC heap after
Heap after GC invocations=10 (full 1):
 PSYoungGen      total 138240K, used 0K [0x00000000eaa80000, 0x00000000f8b80000, 0x0000000100000000)
  eden space 123392K, 0% used [0x00000000eaa80000,0x00000000eaa80000,0x00000000f2300000)
  from space 14848K, 0% used [0x00000000f2300000,0x00000000f2300000,0x00000000f3180000)
  to   space 16384K, 0% used [0x00000000f7b80000,0x00000000f7b80000,0x00000000f8b80000)
 ParOldGen       total 58880K, used 28392K [0x00000000c0000000, 0x00000000c3980000, 0x00000000eaa80000)
  object space 58880K, 48% used [0x00000000c0000000,0x00000000c1bba3e0,0x00000000c3980000)
 PSPermGen       total 21504K, used 7725K [0x00000000b5a00000, 0x00000000b6f00000, 0x00000000c0000000)
  object space 21504K, 35% used [0x00000000b5a00000,0x00000000b618b450,0x00000000b6f00000)
}
Event: 22.127 GC heap before
{Heap before GC invocations=11 (full 1):
 PSYoungGen      total 138240K, used 123392K [0x00000000eaa80000, 0x00000000f8b80000, 0x0000000100000000)
  eden space 123392K, 100% used [0x00000000eaa80000,0x00000000f2300000,0x00000000f2300000)
  from space 14848K, 0% used [0x00000000f2300000,0x00000000f2300000,0x00000000f3180000)
  to   space 16384K, 0% used [0x00000000f7b80000,0x00000000f7b80000,0x00000000f8b80000)
 ParOldGen       total 58880K, used 28392K [0x00000000c0000000, 0x00000000c3980000, 0x00000000eaa80000)
  object space 58880K, 48% used [0x00000000c0000000,0x00000000c1bba3e0,0x00000000c3980000)
 PSPermGen       total 21504K, used 7735K [0x00000000b5a00000, 0x00000000b6f00000, 0x00000000c0000000)
  object space 21504K, 35% used [0x00000000b5a00000,0x00000000b618dcf8,0x00000000b6f00000)
Event: 25.924 GC heap after
Heap after GC invocations=11 (full 1):
 PSYoungGen      total 200704K, used 15240K [0x00000000eaa80000, 0x00000000f8a80000, 0x0000000100000000)
  eden space 185344K, 0% used [0x00000000eaa80000,0x00000000eaa80000,0x00000000f5f80000)
  from space 15360K, 99% used [0x00000000f7b80000,0x00000000f8a62380,0x00000000f8a80000)
  to   space 18432K, 0% used [0x00000000f6680000,0x00000000f6680000,0x00000000f7880000)
 ParOldGen       total 58880K, used 36663K [0x00000000c0000000, 0x00000000c3980000, 0x00000000eaa80000)
  object space 58880K, 62% used [0x00000000c0000000,0x00000000c23cde50,0x00000000c3980000)
 PSPermGen       total 21504K, used 7735K [0x00000000b5a00000, 0x00000000b6f00000, 0x00000000c0000000)
  object space 21504K, 35% used [0x00000000b5a00000,0x00000000b618dcf8,0x00000000b6f00000)
}
Event: 37.502 GC heap before
{Heap before GC invocations=12 (full 1):
 PSYoungGen      total 200704K, used 200584K [0x00000000eaa80000, 0x00000000f8a80000, 0x0000000100000000)
  eden space 185344K, 100% used [0x00000000eaa80000,0x00000000f5f80000,0x00000000f5f80000)
  from space 15360K, 99% used [0x00000000f7b80000,0x00000000f8a62380,0x00000000f8a80000)
  to   space 18432K, 0% used [0x00000000f6680000,0x00000000f6680000,0x00000000f7880000)
 ParOldGen       total 58880K, used 36663K [0x00000000c0000000, 0x00000000c3980000, 0x00000000eaa80000)
  object space 58880K, 62% used [0x00000000c0000000,0x00000000c23cde50,0x00000000c3980000)
 PSPermGen       total 21504K, used 7739K [0x00000000b5a00000, 0x00000000b6f00000, 0x00000000c0000000)
  object space 21504K, 35% used [0x00000000b5a00000,0x00000000b618efc8,0x00000000b6f00000)

